[20.12.16 16:08:29] array(2) {
  ["home"]=>
  string(4) "data"
  [0]=>
  array(1) {
    ["home"]=>
    array(1) {
      ["data"]=>
      string(3) "wow"
    }
  }
}

[20.12.16 16:08:29] array(2) {
  ["app"]=>
  string(11) "application"
  ["CH"]=>
  string(5) "Coach"
}

[20.12.16 16:08:14] Array
[20.12.16 16:08:14] array(2) {
  ["app"]=>
  string(11) "application"
  ["CH"]=>
  string(5) "Coach"
}

[20.12.16 15:58:31] array(2) {
  ["app"]=>
  string(12) "application/"
  ["CH"]=>
  string(6) "Coach/"
}

[20.12.16 15:56:09] array(2) {
  ["app"]=>
  string(12) "application/"
  ["CH"]=>
  string(6) "Coach/"
}

[20.12.16 15:42:25] array(2) {
  ["app"]=>
  string(11) "application"
  ["CH"]=>
  string(5) "Coach"
}

[20.12.16 15:39:20] array(2) {
  ["app"]=>
  string(12) "application/"
  ["CH"]=>
  string(6) "Coach/"
}

[20.12.16 15:37:36] array(2) {
  ["app"]=>
  string(12) "application/"
  ["CH"]=>
  string(6) "Coach/"
}

[20.12.16 15:37:10] array(2) {
  ["app"]=>
  string(5) "value"
  ["CH"]=>
  string(5) "value"
}

[20.12.16 15:36:40] array(2) {
  ["app"]=>
  string(12) "application/"
  ["CH"]=>
  string(6) "Coach/"
}

[20.12.16 15:36:01] array(2) {
  ["app"]=>
  string(12) "application/"
  ["CH"]=>
  string(6) "Coach/"
}

[20.12.16 15:35:49] NULL

[20.12.16 15:35:12] NULL

[20.12.16 15:34:32] array(2) {
  ["app"]=>
  string(12) "application/"
  ["CH"]=>
  string(6) "Coach/"
}

[20.12.16 15:33:37] array(2) {
  ["app"]=>
  string(12) "application/"
  ["CH"]=>
  string(6) "Coach/"
}

[20.12.16 15:33:15] array(2) {
  ["app"]=>
  string(12) "application/"
  ["CH"]=>
  string(6) "Coach/"
}

[20.12.16 15:33:03] array(2) {
  ["app"]=>
  string(12) "application/"
  ["CH"]=>
  string(6) "Coach/"
}

[20.12.16 15:32:30] array(2) {
  ["app"]=>
  string(12) "application/"
  ["CH"]=>
  string(6) "Coach/"
}

[20.12.16 15:32:06] array(2) {
  ["app"]=>
  string(12) "application/"
  ["CH"]=>
  string(6) "Coach/"
}

[20.12.16 15:31:26] array(2) {
  ["app"]=>
  string(3) "das"
  ["CH"]=>
  string(3) "das"
}

[20.12.16 15:30:54] array(2) {
  ["app"]=>
  string(12) "application/"
  ["CH"]=>
  string(6) "Coach/"
}

[20.12.16 15:28:54] array(2) {
  ["app"]=>
  string(12) "application/"
  ["CH"]=>
  string(6) "Coach/"
}

[20.12.16 15:28:28] array(2) {
  ["app"]=>
  string(12) "application/"
  ["CH"]=>
  string(6) "Coach/"
}

[20.12.16 15:28:04] array(2) {
  ["App"]=>
  string(12) "application/"
  ["CH"]=>
  string(6) "Coach/"
}

[20.12.16 15:24:46] array(2) {
  ["app\"]=>
  string(12) "application/"
  ["CH\"]=>
  string(6) "Coach/"
}

[20.12.16 15:21:29] array(2) {
  ["app\"]=>
  string(12) "application/"
  ["CH\"]=>
  string(6) "Coach/"
}

[20.12.16 15:21:02] array(4) {
  ["name"]=>
  string(23) "david/php-mvc-framework"
  ["authors"]=>
  array(1) {
    [0]=>
    array(2) {
      ["name"]=>
      string(10) "Duvi-Gazda"
      ["email"]=>
      string(25) "gazda.haimdavid@gmail.com"
    }
  }
  ["autoload"]=>
  array(1) {
    ["psr-4"]=>
    array(2) {
      ["app\"]=>
      string(12) "application/"
      ["CH\"]=>
      string(6) "Coach/"
    }
  }
  ["require"]=>
  array(8) {
    ["joshcam/mysqli-database-class"]=>
    string(4) "^2.9"
    ["symfony/console"]=>
    string(4) "^5.2"
    ["symfony/filesystem"]=>
    string(4) "^5.2"
    ["symfony/finder"]=>
    string(4) "^5.2"
    ["symfony/string"]=>
    string(4) "^5.2"
    ["fzaninotto/faker"]=>
    string(4) "^1.9"
    ["symfony/process"]=>
    string(4) "^5.2"
    ["nette/php-generator"]=>
    string(4) "^3.5"
  }
}

[20.12.16 15:20:15] NULL

[20.12.16 14:28:05] string(0) ""

[20.12.16 14:28:05] {
    "name": "david/php-mvc-framework",
    "authors": [
        {
            "name": "Duvi-Gazda",
            "email": "gazda.haimdavid@gmail.com"
        }
    ],
    "autoload": {
        "psr-4": {
            "app\": "application/",
            "CH\": "Coach/"
        }
    },
    "require": {
        "joshcam/mysqli-database-class": "^2.9",
        "symfony/console": "^5.2",
        "symfony/filesystem": "^5.2",
        "symfony/finder": "^5.2",
        "symfony/string": "^5.2",
        "fzaninotto/faker": "^1.9",
        "symfony/process": "^5.2",
        "nette/php-generator": "^3.5"
    }
}

[20.12.16 14:26:18] string(0) ""

[20.12.16 14:26:18] {
    "name": "david/php-mvc-framework",
    "authors": [
        {
            "name": "Duvi-Gazda",
            "email": "gazda.haimdavid@gmail.com"
        }
    ],
    "autoload": {
        "psr-4": {
            "app\\": "application/",
            "CH\\": "Coach/"
        }
    },
    "require": {
        "joshcam/mysqli-database-class": "^2.9",
        "symfony/console": "^5.2",
        "symfony/filesystem": "^5.2",
        "symfony/finder": "^5.2",
        "symfony/string": "^5.2",
        "fzaninotto/faker": "^1.9",
        "symfony/process": "^5.2",
        "nette/php-generator": "^3.5"
    }
}

[20.12.16 14:25:34] string(0) ""

[20.12.16 14:24:28] NULL

[20.12.16 14:24:09] array(4) {
  ["name"]=>
  string(23) "david/php-mvc-framework"
  ["authors"]=>
  array(1) {
    [0]=>
    array(2) {
      ["name"]=>
      string(10) "Duvi-Gazda"
      ["email"]=>
      string(25) "gazda.haimdavid@gmail.com"
    }
  }
  ["autoload"]=>
  array(1) {
    ["psr-4"]=>
    array(2) {
      ["app\"]=>
      string(12) "application/"
      ["CH\"]=>
      string(6) "Coach/"
    }
  }
  ["require"]=>
  array(8) {
    ["joshcam/mysqli-database-class"]=>
    string(4) "^2.9"
    ["symfony/console"]=>
    string(4) "^5.2"
    ["symfony/filesystem"]=>
    string(4) "^5.2"
    ["symfony/finder"]=>
    string(4) "^5.2"
    ["symfony/string"]=>
    string(4) "^5.2"
    ["fzaninotto/faker"]=>
    string(4) "^1.9"
    ["symfony/process"]=>
    string(4) "^5.2"
    ["nette/php-generator"]=>
    string(4) "^3.5"
  }
}

[20.12.16 14:23:38] NULL

[20.12.16 14:22:56] NULL

[20.12.16 14:21:30] array(2) {
  ["app\"]=>
  string(11) "application"
  ["CH\"]=>
  string(5) "Coach"
}

[20.12.16 14:21:24] array(2) {
  ["app\"]=>
  string(11) "application"
  ["CH\"]=>
  string(5) "Coach"
}

[20.12.16 14:21:12] array(2) {
  ["app\"]=>
  string(11) "application"
  ["CH\"]=>
  string(5) "Coach"
}

[20.12.16 14:19:51] array(2) {
  ["app\"]=>
  string(11) "application"
  ["CH\"]=>
  string(5) "Coach"
}

[20.12.16 14:19:33] array(2) {
  ["app\"]=>
  string(11) "application"
  ["CH\"]=>
  string(5) "Coach"
}

[20.12.16 14:17:49] array(2) {
  ["app\"]=>
  string(11) "application"
  ["CH\"]=>
  string(5) "Coach"
}

[20.12.16 14:17:32] array(2) {
  ["app\"]=>
  string(11) "application"
  ["CH\"]=>
  string(5) "Coach"
}

[20.12.16 14:17:10] array(2) {
  ["app\"]=>
  string(11) "application"
  ["CH\"]=>
  string(5) "Coach"
}

[20.12.16 14:16:32] array(2) {
  ["app\"]=>
  string(11) "application"
  ["CH\"]=>
  string(5) "Coach"
}

[20.12.16 14:14:38] array(2) {
  ["app\"]=>
  string(11) "application"
  ["CH\"]=>
  string(5) "Coach"
}

[20.12.16 14:14:05] array(2) {
  ["app\"]=>
  string(11) "application"
  ["CH\"]=>
  string(5) "Coach"
}

[20.12.16 13:26:11] array(2) {
  ["app\"]=>
  string(11) "application"
  ["CH\"]=>
  string(5) "Coach"
}

[20.12.16 13:22:17] array(2) {
  ["app\"]=>
  string(11) "application"
  ["CH\"]=>
  string(5) "Coach"
}

[20.12.16 13:16:44] array(2) {
  ["app\"]=>
  string(11) "application"
  ["CH\"]=>
  string(5) "Coach"
}

[20.12.16 13:16:30] Array
[20.12.16 12:56:41] array(2) {
  ["app\"]=>
  string(11) "application"
  ["CH\"]=>
  string(5) "Coach"
}

[20.12.16 12:51:27] array(2) {
  ["app\"]=>
  string(12) "application/"
  ["CH\"]=>
  string(6) "Coach/"
}

[20.12.16 12:49:44] array(2) {
  ["app\"]=>
  string(12) "application/"
  ["CH\"]=>
  string(6) "Coach/"
}

