[20.12.10 23:11:13] Notice (8): Undefined variable: productInArchive_ShortDiscription in [/home/david/Sync/it-step/Php_and_Sql/Exam/application/views/templates/productInArchive.php on line 11]
[20.12.10 23:11:13] Notice (8): Undefined variable: productInArchive_Image in [/home/david/Sync/it-step/Php_and_Sql/Exam/application/views/templates/productInArchive.php on line 8]
[20.12.10 23:11:13] Notice (8): Undefined variable: productInArchive_ShortDiscription in [/home/david/Sync/it-step/Php_and_Sql/Exam/application/views/templates/productInArchive.php on line 11]
[20.12.10 23:11:13] Notice (8): Undefined variable: productInArchive_Image in [/home/david/Sync/it-step/Php_and_Sql/Exam/application/views/templates/productInArchive.php on line 8]
[20.12.10 23:11:13] Notice (8): Undefined variable: productInArchive_ShortDiscription in [/home/david/Sync/it-step/Php_and_Sql/Exam/application/views/templates/productInArchive.php on line 11]
[20.12.10 23:11:13] Notice (8): Undefined variable: productInArchive_Image in [/home/david/Sync/it-step/Php_and_Sql/Exam/application/views/templates/productInArchive.php on line 8]
[20.12.10 23:11:13] Notice (8): Undefined variable: productInArchive_ShortDiscription in [/home/david/Sync/it-step/Php_and_Sql/Exam/application/views/templates/productInArchive.php on line 11]
[20.12.10 23:11:13] Notice (8): Undefined variable: productInArchive_Image in [/home/david/Sync/it-step/Php_and_Sql/Exam/application/views/templates/productInArchive.php on line 8]
[20.12.10 23:11:13] Notice (8): Undefined variable: productInArchive_ShortDiscription in [/home/david/Sync/it-step/Php_and_Sql/Exam/application/views/templates/productInArchive.php on line 11]
[20.12.10 23:11:13] Notice (8): Undefined variable: productInArchive_Image in [/home/david/Sync/it-step/Php_and_Sql/Exam/application/views/templates/productInArchive.php on line 8]
[20.12.10 23:11:13] Notice (8): Undefined variable: productInArchive_ShortDiscription in [/home/david/Sync/it-step/Php_and_Sql/Exam/application/views/templates/productInArchive.php on line 11]
[20.12.10 23:11:13] Notice (8): Undefined variable: productInArchive_Image in [/home/david/Sync/it-step/Php_and_Sql/Exam/application/views/templates/productInArchive.php on line 8]
[20.12.10 23:11:13] Notice (8): Undefined variable: productInArchive_ShortDiscription in [/home/david/Sync/it-step/Php_and_Sql/Exam/application/views/templates/productInArchive.php on line 11]
[20.12.10 23:11:13] Notice (8): Undefined variable: productInArchive_Image in [/home/david/Sync/it-step/Php_and_Sql/Exam/application/views/templates/productInArchive.php on line 8]
[20.12.10 23:11:13] Notice (8): Undefined variable: productInArchive_ShortDiscription in [/home/david/Sync/it-step/Php_and_Sql/Exam/application/views/templates/productInArchive.php on line 11]
[20.12.10 23:11:13] Notice (8): Undefined variable: productInArchive_Image in [/home/david/Sync/it-step/Php_and_Sql/Exam/application/views/templates/productInArchive.php on line 8]
[20.12.10 23:11:13] Notice (8): Undefined variable: productInArchive_ShortDiscription in [/home/david/Sync/it-step/Php_and_Sql/Exam/application/views/templates/productInArchive.php on line 11]
[20.12.10 23:11:13] Notice (8): Undefined variable: productInArchive_Image in [/home/david/Sync/it-step/Php_and_Sql/Exam/application/views/templates/productInArchive.php on line 8]
[20.12.10 23:11:13] Notice (8): Undefined variable: productInArchive_ShortDiscription in [/home/david/Sync/it-step/Php_and_Sql/Exam/application/views/templates/productInArchive.php on line 11]
[20.12.10 23:11:13] Notice (8): Undefined variable: productInArchive_Image in [/home/david/Sync/it-step/Php_and_Sql/Exam/application/views/templates/productInArchive.php on line 8]
[20.12.10 23:11:13] Notice (8): Undefined index: socket in [/home/david/Sync/it-step/Php_and_Sql/Exam/UzhKeksy/basic/BC_DataBase.php on line 42]
[20.12.10 23:11:13] Notice (8): Constant ROOT already defined in [/home/david/Sync/it-step/Php_and_Sql/Exam/UzhKeksy/configs/path.config.php on line 3]
[20.12.10 23:11:13] Notice (8): Trying to access array offset on value of type null in [/home/david/Sync/it-step/Php_and_Sql/Exam/UzhKeksy/basic/core/BC_Router.php on line 135]
[20.12.10 23:11:13] Notice (8): Undefined offset: -1 in [/home/david/Sync/it-step/Php_and_Sql/Exam/UzhKeksy/basic/core/BC_Router.php on line 135]
[20.12.10 23:11:13] Notice (8): Trying to access array offset on value of type null in [/home/david/Sync/it-step/Php_and_Sql/Exam/UzhKeksy/basic/core/BC_Router.php on line 135]
[20.12.10 23:11:13] Notice (8): Undefined offset: -2 in [/home/david/Sync/it-step/Php_and_Sql/Exam/UzhKeksy/basic/core/BC_Router.php on line 135]
[20.12.10 23:11:11] Notice (8): Undefined variable: productInArchive_ShortDiscription in [/home/david/Sync/it-step/Php_and_Sql/Exam/application/views/templates/productInArchive.php on line 11]
[20.12.10 23:11:11] Notice (8): Undefined variable: productInArchive_Image in [/home/david/Sync/it-step/Php_and_Sql/Exam/application/views/templates/productInArchive.php on line 8]
[20.12.10 23:11:11] Notice (8): Undefined variable: productInArchive_ShortDiscription in [/home/david/Sync/it-step/Php_and_Sql/Exam/application/views/templates/productInArchive.php on line 11]
[20.12.10 23:11:11] Notice (8): Undefined variable: productInArchive_Image in [/home/david/Sync/it-step/Php_and_Sql/Exam/application/views/templates/productInArchive.php on line 8]
[20.12.10 23:11:11] Notice (8): Undefined variable: productInArchive_ShortDiscription in [/home/david/Sync/it-step/Php_and_Sql/Exam/application/views/templates/productInArchive.php on line 11]
[20.12.10 23:11:11] Notice (8): Undefined variable: productInArchive_Image in [/home/david/Sync/it-step/Php_and_Sql/Exam/application/views/templates/productInArchive.php on line 8]
[20.12.10 23:11:11] Notice (8): Undefined variable: productInArchive_ShortDiscription in [/home/david/Sync/it-step/Php_and_Sql/Exam/application/views/templates/productInArchive.php on line 11]
[20.12.10 23:11:11] Notice (8): Undefined variable: productInArchive_Image in [/home/david/Sync/it-step/Php_and_Sql/Exam/application/views/templates/productInArchive.php on line 8]
[20.12.10 23:11:11] Notice (8): Undefined variable: productInArchive_ShortDiscription in [/home/david/Sync/it-step/Php_and_Sql/Exam/application/views/templates/productInArchive.php on line 11]
[20.12.10 23:11:11] Notice (8): Undefined variable: productInArchive_Image in [/home/david/Sync/it-step/Php_and_Sql/Exam/application/views/templates/productInArchive.php on line 8]
[20.12.10 23:11:11] Notice (8): Undefined variable: productInArchive_ShortDiscription in [/home/david/Sync/it-step/Php_and_Sql/Exam/application/views/templates/productInArchive.php on line 11]
[20.12.10 23:11:11] Notice (8): Undefined variable: productInArchive_Image in [/home/david/Sync/it-step/Php_and_Sql/Exam/application/views/templates/productInArchive.php on line 8]
[20.12.10 23:11:11] Notice (8): Undefined variable: productInArchive_ShortDiscription in [/home/david/Sync/it-step/Php_and_Sql/Exam/application/views/templates/productInArchive.php on line 11]
[20.12.10 23:11:11] Notice (8): Undefined variable: productInArchive_Image in [/home/david/Sync/it-step/Php_and_Sql/Exam/application/views/templates/productInArchive.php on line 8]
[20.12.10 23:11:11] Notice (8): Undefined variable: productInArchive_ShortDiscription in [/home/david/Sync/it-step/Php_and_Sql/Exam/application/views/templates/productInArchive.php on line 11]
[20.12.10 23:11:11] Notice (8): Undefined variable: productInArchive_Image in [/home/david/Sync/it-step/Php_and_Sql/Exam/application/views/templates/productInArchive.php on line 8]
[20.12.10 23:11:11] Notice (8): Undefined variable: productInArchive_ShortDiscription in [/home/david/Sync/it-step/Php_and_Sql/Exam/application/views/templates/productInArchive.php on line 11]
[20.12.10 23:11:11] Notice (8): Undefined variable: productInArchive_Image in [/home/david/Sync/it-step/Php_and_Sql/Exam/application/views/templates/productInArchive.php on line 8]
[20.12.10 23:11:11] Notice (8): Undefined variable: productInArchive_ShortDiscription in [/home/david/Sync/it-step/Php_and_Sql/Exam/application/views/templates/productInArchive.php on line 11]
[20.12.10 23:11:11] Notice (8): Undefined variable: productInArchive_Image in [/home/david/Sync/it-step/Php_and_Sql/Exam/application/views/templates/productInArchive.php on line 8]
[20.12.10 23:11:11] Notice (8): Undefined index: socket in [/home/david/Sync/it-step/Php_and_Sql/Exam/UzhKeksy/basic/BC_DataBase.php on line 42]
[20.12.10 23:11:11] Notice (8): Constant ROOT already defined in [/home/david/Sync/it-step/Php_and_Sql/Exam/UzhKeksy/configs/path.config.php on line 3]
[20.12.10 23:11:11] Notice (8): Trying to access array offset on value of type null in [/home/david/Sync/it-step/Php_and_Sql/Exam/UzhKeksy/basic/core/BC_Router.php on line 135]
[20.12.10 23:11:11] Notice (8): Undefined offset: -1 in [/home/david/Sync/it-step/Php_and_Sql/Exam/UzhKeksy/basic/core/BC_Router.php on line 135]
[20.12.10 23:11:11] Notice (8): Trying to access array offset on value of type null in [/home/david/Sync/it-step/Php_and_Sql/Exam/UzhKeksy/basic/core/BC_Router.php on line 135]
[20.12.10 23:11:11] Notice (8): Undefined offset: -2 in [/home/david/Sync/it-step/Php_and_Sql/Exam/UzhKeksy/basic/core/BC_Router.php on line 135]
[20.12.10 23:10:14] Notice (8): Undefined variable: productInArchive_ShortDiscription in [/home/david/Sync/it-step/Php_and_Sql/Exam/application/views/templates/productInArchive.php on line 11]
[20.12.10 23:10:14] Notice (8): Undefined variable: productInArchive_Image in [/home/david/Sync/it-step/Php_and_Sql/Exam/application/views/templates/productInArchive.php on line 8]
[20.12.10 23:10:14] Notice (8): Undefined variable: productInArchive_ShortDiscription in [/home/david/Sync/it-step/Php_and_Sql/Exam/application/views/templates/productInArchive.php on line 11]
[20.12.10 23:10:14] Notice (8): Undefined variable: productInArchive_Image in [/home/david/Sync/it-step/Php_and_Sql/Exam/application/views/templates/productInArchive.php on line 8]
[20.12.10 23:10:14] Notice (8): Undefined variable: productInArchive_ShortDiscription in [/home/david/Sync/it-step/Php_and_Sql/Exam/application/views/templates/productInArchive.php on line 11]
[20.12.10 23:10:14] Notice (8): Undefined variable: productInArchive_Image in [/home/david/Sync/it-step/Php_and_Sql/Exam/application/views/templates/productInArchive.php on line 8]
[20.12.10 23:10:14] Notice (8): Undefined variable: productInArchive_ShortDiscription in [/home/david/Sync/it-step/Php_and_Sql/Exam/application/views/templates/productInArchive.php on line 11]
[20.12.10 23:10:14] Notice (8): Undefined variable: productInArchive_Image in [/home/david/Sync/it-step/Php_and_Sql/Exam/application/views/templates/productInArchive.php on line 8]
[20.12.10 23:10:14] Notice (8): Undefined variable: productInArchive_ShortDiscription in [/home/david/Sync/it-step/Php_and_Sql/Exam/application/views/templates/productInArchive.php on line 11]
[20.12.10 23:10:14] Notice (8): Undefined variable: productInArchive_Image in [/home/david/Sync/it-step/Php_and_Sql/Exam/application/views/templates/productInArchive.php on line 8]
[20.12.10 23:10:14] Notice (8): Undefined variable: productInArchive_ShortDiscription in [/home/david/Sync/it-step/Php_and_Sql/Exam/application/views/templates/productInArchive.php on line 11]
[20.12.10 23:10:14] Notice (8): Undefined variable: productInArchive_Image in [/home/david/Sync/it-step/Php_and_Sql/Exam/application/views/templates/productInArchive.php on line 8]
[20.12.10 23:10:14] Notice (8): Undefined variable: productInArchive_ShortDiscription in [/home/david/Sync/it-step/Php_and_Sql/Exam/application/views/templates/productInArchive.php on line 11]
[20.12.10 23:10:14] Notice (8): Undefined variable: productInArchive_Image in [/home/david/Sync/it-step/Php_and_Sql/Exam/application/views/templates/productInArchive.php on line 8]
[20.12.10 23:10:14] Notice (8): Undefined variable: productInArchive_ShortDiscription in [/home/david/Sync/it-step/Php_and_Sql/Exam/application/views/templates/productInArchive.php on line 11]
[20.12.10 23:10:14] Notice (8): Undefined variable: productInArchive_Image in [/home/david/Sync/it-step/Php_and_Sql/Exam/application/views/templates/productInArchive.php on line 8]
[20.12.10 23:10:14] Notice (8): Undefined variable: productInArchive_ShortDiscription in [/home/david/Sync/it-step/Php_and_Sql/Exam/application/views/templates/productInArchive.php on line 11]
[20.12.10 23:10:14] Notice (8): Undefined variable: productInArchive_Image in [/home/david/Sync/it-step/Php_and_Sql/Exam/application/views/templates/productInArchive.php on line 8]
[20.12.10 23:10:14] Notice (8): Undefined variable: productInArchive_ShortDiscription in [/home/david/Sync/it-step/Php_and_Sql/Exam/application/views/templates/productInArchive.php on line 11]
[20.12.10 23:10:14] Notice (8): Undefined variable: productInArchive_Image in [/home/david/Sync/it-step/Php_and_Sql/Exam/application/views/templates/productInArchive.php on line 8]
[20.12.10 23:10:14] Notice (8): Undefined index: socket in [/home/david/Sync/it-step/Php_and_Sql/Exam/UzhKeksy/basic/BC_DataBase.php on line 42]
[20.12.10 23:10:14] Notice (8): Constant ROOT already defined in [/home/david/Sync/it-step/Php_and_Sql/Exam/UzhKeksy/configs/path.config.php on line 3]
[20.12.10 23:10:14] Notice (8): Trying to access array offset on value of type null in [/home/david/Sync/it-step/Php_and_Sql/Exam/UzhKeksy/basic/core/BC_Router.php on line 135]
[20.12.10 23:10:14] Notice (8): Undefined offset: -1 in [/home/david/Sync/it-step/Php_and_Sql/Exam/UzhKeksy/basic/core/BC_Router.php on line 135]
[20.12.10 23:10:14] Notice (8): Trying to access array offset on value of type null in [/home/david/Sync/it-step/Php_and_Sql/Exam/UzhKeksy/basic/core/BC_Router.php on line 135]
[20.12.10 23:10:14] Notice (8): Undefined offset: -2 in [/home/david/Sync/it-step/Php_and_Sql/Exam/UzhKeksy/basic/core/BC_Router.php on line 135]
[20.12.10 23:05:16] Notice (8): Undefined variable: productInArchive_ShortDiscription in [/home/david/Sync/it-step/Php_and_Sql/Exam/application/views/templates/productInArchive.php on line 11]
[20.12.10 23:05:16] Notice (8): Undefined variable: productInArchive_Image in [/home/david/Sync/it-step/Php_and_Sql/Exam/application/views/templates/productInArchive.php on line 8]
[20.12.10 23:05:16] Notice (8): Undefined variable: productInArchive_ShortDiscription in [/home/david/Sync/it-step/Php_and_Sql/Exam/application/views/templates/productInArchive.php on line 11]
[20.12.10 23:05:16] Notice (8): Undefined variable: productInArchive_Image in [/home/david/Sync/it-step/Php_and_Sql/Exam/application/views/templates/productInArchive.php on line 8]
[20.12.10 23:05:16] Notice (8): Undefined variable: productInArchive_ShortDiscription in [/home/david/Sync/it-step/Php_and_Sql/Exam/application/views/templates/productInArchive.php on line 11]
[20.12.10 23:05:16] Notice (8): Undefined variable: productInArchive_Image in [/home/david/Sync/it-step/Php_and_Sql/Exam/application/views/templates/productInArchive.php on line 8]
[20.12.10 23:05:16] Notice (8): Undefined variable: productInArchive_ShortDiscription in [/home/david/Sync/it-step/Php_and_Sql/Exam/application/views/templates/productInArchive.php on line 11]
[20.12.10 23:05:16] Notice (8): Undefined variable: productInArchive_Image in [/home/david/Sync/it-step/Php_and_Sql/Exam/application/views/templates/productInArchive.php on line 8]
[20.12.10 23:05:16] Notice (8): Undefined index: socket in [/home/david/Sync/it-step/Php_and_Sql/Exam/UzhKeksy/basic/BC_DataBase.php on line 42]
[20.12.10 23:05:16] Notice (8): Constant ROOT already defined in [/home/david/Sync/it-step/Php_and_Sql/Exam/UzhKeksy/configs/path.config.php on line 3]
[20.12.10 23:05:16] Notice (8): Trying to access array offset on value of type null in [/home/david/Sync/it-step/Php_and_Sql/Exam/UzhKeksy/basic/core/BC_Router.php on line 135]
[20.12.10 23:05:16] Notice (8): Undefined offset: -1 in [/home/david/Sync/it-step/Php_and_Sql/Exam/UzhKeksy/basic/core/BC_Router.php on line 135]
[20.12.10 23:05:16] Notice (8): Trying to access array offset on value of type null in [/home/david/Sync/it-step/Php_and_Sql/Exam/UzhKeksy/basic/core/BC_Router.php on line 135]
[20.12.10 23:05:16] Notice (8): Undefined offset: -2 in [/home/david/Sync/it-step/Php_and_Sql/Exam/UzhKeksy/basic/core/BC_Router.php on line 135]
[20.12.10 23:04:41] Warning (2): mysqli::__construct(): (HY000/1045): Access denied for user 'user'@'localhost' (using password: YES) in [/home/david/Sync/it-step/Php_and_Sql/Exam/vendor/joshcam/mysqli-database-class/MysqliDb.php on line 323]
[20.12.10 23:04:41] Notice (8): Undefined index: socket in [/home/david/Sync/it-step/Php_and_Sql/Exam/UzhKeksy/basic/BC_DataBase.php on line 42]
[20.12.10 23:04:41] Notice (8): Constant ROOT already defined in [/home/david/Sync/it-step/Php_and_Sql/Exam/UzhKeksy/configs/path.config.php on line 3]
[20.12.10 23:04:41] Notice (8): Trying to access array offset on value of type null in [/home/david/Sync/it-step/Php_and_Sql/Exam/UzhKeksy/basic/core/BC_Router.php on line 135]
[20.12.10 23:04:41] Notice (8): Undefined offset: -1 in [/home/david/Sync/it-step/Php_and_Sql/Exam/UzhKeksy/basic/core/BC_Router.php on line 135]
[20.12.10 23:04:41] Notice (8): Trying to access array offset on value of type null in [/home/david/Sync/it-step/Php_and_Sql/Exam/UzhKeksy/basic/core/BC_Router.php on line 135]
[20.12.10 23:04:41] Notice (8): Undefined offset: -2 in [/home/david/Sync/it-step/Php_and_Sql/Exam/UzhKeksy/basic/core/BC_Router.php on line 135]
[20.12.10 23:04:28] Warning (2): mysqli::__construct(): (HY000/1045): Access denied for user 'user'@'localhost' (using password: YES) in [/home/david/Sync/it-step/Php_and_Sql/Exam/vendor/joshcam/mysqli-database-class/MysqliDb.php on line 323]
[20.12.10 23:04:28] Notice (8): Undefined index: socket in [/home/david/Sync/it-step/Php_and_Sql/Exam/UzhKeksy/basic/BC_DataBase.php on line 42]
[20.12.10 23:04:28] Notice (8): Constant ROOT already defined in [/home/david/Sync/it-step/Php_and_Sql/Exam/UzhKeksy/configs/path.config.php on line 3]
[20.12.10 23:04:28] Notice (8): Trying to access array offset on value of type null in [/home/david/Sync/it-step/Php_and_Sql/Exam/UzhKeksy/basic/core/BC_Router.php on line 135]
[20.12.10 23:04:28] Notice (8): Undefined offset: -1 in [/home/david/Sync/it-step/Php_and_Sql/Exam/UzhKeksy/basic/core/BC_Router.php on line 135]
[20.12.10 23:04:28] Notice (8): Trying to access array offset on value of type null in [/home/david/Sync/it-step/Php_and_Sql/Exam/UzhKeksy/basic/core/BC_Router.php on line 135]
[20.12.10 23:04:28] Notice (8): Undefined offset: -2 in [/home/david/Sync/it-step/Php_and_Sql/Exam/UzhKeksy/basic/core/BC_Router.php on line 135]
[20.12.10 23:04:27] Warning (2): mysqli::__construct(): (HY000/1045): Access denied for user 'user'@'localhost' (using password: YES) in [/home/david/Sync/it-step/Php_and_Sql/Exam/vendor/joshcam/mysqli-database-class/MysqliDb.php on line 323]
[20.12.10 23:04:27] Notice (8): Undefined index: socket in [/home/david/Sync/it-step/Php_and_Sql/Exam/UzhKeksy/basic/BC_DataBase.php on line 42]
[20.12.10 23:04:27] Notice (8): Constant ROOT already defined in [/home/david/Sync/it-step/Php_and_Sql/Exam/UzhKeksy/configs/path.config.php on line 3]
[20.12.10 23:04:27] Notice (8): Trying to access array offset on value of type null in [/home/david/Sync/it-step/Php_and_Sql/Exam/UzhKeksy/basic/core/BC_Router.php on line 135]
[20.12.10 23:04:27] Notice (8): Undefined offset: -1 in [/home/david/Sync/it-step/Php_and_Sql/Exam/UzhKeksy/basic/core/BC_Router.php on line 135]
[20.12.10 23:04:27] Notice (8): Trying to access array offset on value of type null in [/home/david/Sync/it-step/Php_and_Sql/Exam/UzhKeksy/basic/core/BC_Router.php on line 135]
[20.12.10 23:04:27] Notice (8): Undefined offset: -2 in [/home/david/Sync/it-step/Php_and_Sql/Exam/UzhKeksy/basic/core/BC_Router.php on line 135]
[20.12.10 23:03:54] Warning (2): mysqli::__construct(): (HY000/1045): Access denied for user 'user'@'localhost' (using password: YES) in [/home/david/Sync/it-step/Php_and_Sql/Exam/vendor/joshcam/mysqli-database-class/MysqliDb.php on line 323]
[20.12.10 23:03:54] Notice (8): Undefined index: socket in [/home/david/Sync/it-step/Php_and_Sql/Exam/UzhKeksy/basic/BC_DataBase.php on line 42]
[20.12.10 23:03:54] Notice (8): Constant ROOT already defined in [/home/david/Sync/it-step/Php_and_Sql/Exam/UzhKeksy/configs/path.config.php on line 3]
[20.12.10 23:03:54] Notice (8): Trying to access array offset on value of type null in [/home/david/Sync/it-step/Php_and_Sql/Exam/UzhKeksy/basic/core/BC_Router.php on line 135]
[20.12.10 23:03:54] Notice (8): Undefined offset: -1 in [/home/david/Sync/it-step/Php_and_Sql/Exam/UzhKeksy/basic/core/BC_Router.php on line 135]
[20.12.10 23:03:54] Notice (8): Trying to access array offset on value of type null in [/home/david/Sync/it-step/Php_and_Sql/Exam/UzhKeksy/basic/core/BC_Router.php on line 135]
[20.12.10 23:03:54] Notice (8): Undefined offset: -2 in [/home/david/Sync/it-step/Php_and_Sql/Exam/UzhKeksy/basic/core/BC_Router.php on line 135]
[20.12.10 23:02:54] Warning (2): mysqli::__construct(): (HY000/1045): Access denied for user 'user'@'localhost' (using password: YES) in [/home/david/Sync/it-step/Php_and_Sql/Exam/vendor/joshcam/mysqli-database-class/MysqliDb.php on line 323]
[20.12.10 23:02:54] Notice (8): Undefined index: socket in [/home/david/Sync/it-step/Php_and_Sql/Exam/UzhKeksy/basic/BC_DataBase.php on line 42]
[20.12.10 23:02:54] Notice (8): Constant ROOT already defined in [/home/david/Sync/it-step/Php_and_Sql/Exam/UzhKeksy/configs/path.config.php on line 3]
[20.12.10 23:02:54] Notice (8): Trying to access array offset on value of type null in [/home/david/Sync/it-step/Php_and_Sql/Exam/UzhKeksy/basic/core/BC_Router.php on line 135]
[20.12.10 23:02:54] Notice (8): Undefined offset: -1 in [/home/david/Sync/it-step/Php_and_Sql/Exam/UzhKeksy/basic/core/BC_Router.php on line 135]
[20.12.10 23:02:54] Notice (8): Trying to access array offset on value of type null in [/home/david/Sync/it-step/Php_and_Sql/Exam/UzhKeksy/basic/core/BC_Router.php on line 135]
[20.12.10 23:02:54] Notice (8): Undefined offset: -2 in [/home/david/Sync/it-step/Php_and_Sql/Exam/UzhKeksy/basic/core/BC_Router.php on line 135]
[20.12.10 23:02:34] Warning (2): mysqli::__construct(): (HY000/1045): Access denied for user 'user'@'localhost' (using password: YES) in [/home/david/Sync/it-step/Php_and_Sql/Exam/vendor/joshcam/mysqli-database-class/MysqliDb.php on line 323]
[20.12.10 23:02:34] Notice (8): Undefined index: socket in [/home/david/Sync/it-step/Php_and_Sql/Exam/UzhKeksy/basic/BC_DataBase.php on line 42]
[20.12.10 23:02:34] Notice (8): Constant ROOT already defined in [/home/david/Sync/it-step/Php_and_Sql/Exam/UzhKeksy/configs/path.config.php on line 3]
[20.12.10 23:02:34] Notice (8): Trying to access array offset on value of type null in [/home/david/Sync/it-step/Php_and_Sql/Exam/UzhKeksy/basic/core/BC_Router.php on line 135]
[20.12.10 23:02:34] Notice (8): Undefined offset: -1 in [/home/david/Sync/it-step/Php_and_Sql/Exam/UzhKeksy/basic/core/BC_Router.php on line 135]
[20.12.10 23:02:34] Notice (8): Trying to access array offset on value of type null in [/home/david/Sync/it-step/Php_and_Sql/Exam/UzhKeksy/basic/core/BC_Router.php on line 135]
[20.12.10 23:02:34] Notice (8): Undefined offset: -2 in [/home/david/Sync/it-step/Php_and_Sql/Exam/UzhKeksy/basic/core/BC_Router.php on line 135]
[20.12.10 23:02:33] Warning (2): mysqli::__construct(): (HY000/1045): Access denied for user 'user'@'localhost' (using password: YES) in [/home/david/Sync/it-step/Php_and_Sql/Exam/vendor/joshcam/mysqli-database-class/MysqliDb.php on line 323]
[20.12.10 23:02:33] Notice (8): Undefined index: socket in [/home/david/Sync/it-step/Php_and_Sql/Exam/UzhKeksy/basic/BC_DataBase.php on line 42]
[20.12.10 23:02:33] Notice (8): Constant ROOT already defined in [/home/david/Sync/it-step/Php_and_Sql/Exam/UzhKeksy/configs/path.config.php on line 3]
[20.12.10 23:02:33] Notice (8): Trying to access array offset on value of type null in [/home/david/Sync/it-step/Php_and_Sql/Exam/UzhKeksy/basic/core/BC_Router.php on line 135]
[20.12.10 23:02:33] Notice (8): Undefined offset: -1 in [/home/david/Sync/it-step/Php_and_Sql/Exam/UzhKeksy/basic/core/BC_Router.php on line 135]
[20.12.10 23:02:33] Notice (8): Trying to access array offset on value of type null in [/home/david/Sync/it-step/Php_and_Sql/Exam/UzhKeksy/basic/core/BC_Router.php on line 135]
[20.12.10 23:02:33] Notice (8): Undefined offset: -2 in [/home/david/Sync/it-step/Php_and_Sql/Exam/UzhKeksy/basic/core/BC_Router.php on line 135]
[20.12.10 23:01:52] Warning (2): mysqli::__construct(): (HY000/1045): Access denied for user 'david'@'localhost' (using password: YES) in [/home/david/Sync/it-step/Php_and_Sql/Exam/vendor/joshcam/mysqli-database-class/MysqliDb.php on line 323]
[20.12.10 23:01:52] Notice (8): Undefined index: socket in [/home/david/Sync/it-step/Php_and_Sql/Exam/UzhKeksy/basic/BC_DataBase.php on line 42]
[20.12.10 23:01:52] Notice (8): Constant ROOT already defined in [/home/david/Sync/it-step/Php_and_Sql/Exam/UzhKeksy/configs/path.config.php on line 3]
[20.12.10 23:01:52] Notice (8): Trying to access array offset on value of type null in [/home/david/Sync/it-step/Php_and_Sql/Exam/UzhKeksy/basic/core/BC_Router.php on line 135]
[20.12.10 23:01:52] Notice (8): Undefined offset: -1 in [/home/david/Sync/it-step/Php_and_Sql/Exam/UzhKeksy/basic/core/BC_Router.php on line 135]
[20.12.10 23:01:52] Notice (8): Trying to access array offset on value of type null in [/home/david/Sync/it-step/Php_and_Sql/Exam/UzhKeksy/basic/core/BC_Router.php on line 135]
[20.12.10 23:01:52] Notice (8): Undefined offset: -2 in [/home/david/Sync/it-step/Php_and_Sql/Exam/UzhKeksy/basic/core/BC_Router.php on line 135]
[20.12.10 23:01:13] Warning (2): file_put_contents(/home/david/Sync/it-step/Php_and_Sql/Exam/application/logs/error.log): failed to open stream: Permission denied in [/home/david/Sync/it-step/Php_and_Sql/Exam/UzhKeksy/basic/BC_Log.php on line 66]
[20.12.10 23:01:13] Warning (2): mysqli::__construct(): (HY000/1045): Access denied for user 'david'@'localhost' (using password: YES) in [/home/david/Sync/it-step/Php_and_Sql/Exam/vendor/joshcam/mysqli-database-class/MysqliDb.php on line 323]
[20.12.10 23:01:13] Notice (8): Undefined index: socket in [/home/david/Sync/it-step/Php_and_Sql/Exam/UzhKeksy/basic/BC_DataBase.php on line 42]
[20.12.10 23:01:13] Warning (2): file_put_contents(/home/david/Sync/it-step/Php_and_Sql/Exam/application/logs/log.log): failed to open stream: Permission denied in [/home/david/Sync/it-step/Php_and_Sql/Exam/UzhKeksy/basic/BC_Log.php on line 66]
[20.12.10 23:01:13] Notice (8): Constant ROOT already defined in [/home/david/Sync/it-step/Php_and_Sql/Exam/UzhKeksy/configs/path.config.php on line 3]
[20.12.10 23:01:13] Notice (8): Trying to access array offset on value of type null in [/home/david/Sync/it-step/Php_and_Sql/Exam/UzhKeksy/basic/core/BC_Router.php on line 135]
[20.12.10 23:01:13] Notice (8): Undefined offset: -1 in [/home/david/Sync/it-step/Php_and_Sql/Exam/UzhKeksy/basic/core/BC_Router.php on line 135]
[20.12.10 23:01:13] Notice (8): Trying to access array offset on value of type null in [/home/david/Sync/it-step/Php_and_Sql/Exam/UzhKeksy/basic/core/BC_Router.php on line 135]
[20.12.10 23:01:13] Notice (8): Undefined offset: -2 in [/home/david/Sync/it-step/Php_and_Sql/Exam/UzhKeksy/basic/core/BC_Router.php on line 135]
[20.12.10 23:01:12] Warning (2): file_put_contents(/home/david/Sync/it-step/Php_and_Sql/Exam/application/logs/error.log): failed to open stream: Permission denied in [/home/david/Sync/it-step/Php_and_Sql/Exam/UzhKeksy/basic/BC_Log.php on line 66]
[20.12.10 23:01:12] Warning (2): mysqli::__construct(): (HY000/1045): Access denied for user 'david'@'localhost' (using password: YES) in [/home/david/Sync/it-step/Php_and_Sql/Exam/vendor/joshcam/mysqli-database-class/MysqliDb.php on line 323]
[20.12.10 23:01:12] Notice (8): Undefined index: socket in [/home/david/Sync/it-step/Php_and_Sql/Exam/UzhKeksy/basic/BC_DataBase.php on line 42]
[20.12.10 23:01:12] Warning (2): file_put_contents(/home/david/Sync/it-step/Php_and_Sql/Exam/application/logs/log.log): failed to open stream: Permission denied in [/home/david/Sync/it-step/Php_and_Sql/Exam/UzhKeksy/basic/BC_Log.php on line 66]
[20.12.10 23:01:12] Notice (8): Constant ROOT already defined in [/home/david/Sync/it-step/Php_and_Sql/Exam/UzhKeksy/configs/path.config.php on line 3]
[20.12.10 23:01:12] Notice (8): Trying to access array offset on value of type null in [/home/david/Sync/it-step/Php_and_Sql/Exam/UzhKeksy/basic/core/BC_Router.php on line 135]
[20.12.10 23:01:12] Notice (8): Undefined offset: -1 in [/home/david/Sync/it-step/Php_and_Sql/Exam/UzhKeksy/basic/core/BC_Router.php on line 135]
[20.12.10 23:01:12] Notice (8): Trying to access array offset on value of type null in [/home/david/Sync/it-step/Php_and_Sql/Exam/UzhKeksy/basic/core/BC_Router.php on line 135]
[20.12.10 23:01:12] Notice (8): Undefined offset: -2 in [/home/david/Sync/it-step/Php_and_Sql/Exam/UzhKeksy/basic/core/BC_Router.php on line 135]
[20.12.10 23:00:47] Warning (2): file_put_contents(/home/david/Sync/it-step/Php_and_Sql/Exam/application/logs/error.log): failed to open stream: Permission denied in [/home/david/Sync/it-step/Php_and_Sql/Exam/UzhKeksy/basic/BC_Log.php on line 66]
[20.12.10 23:00:47] Warning (2): mysqli::__construct(): (HY000/1045): Access denied for user 'david'@'localhost' (using password: YES) in [/home/david/Sync/it-step/Php_and_Sql/Exam/vendor/joshcam/mysqli-database-class/MysqliDb.php on line 323]
[20.12.10 23:00:47] Notice (8): Undefined index: socket in [/home/david/Sync/it-step/Php_and_Sql/Exam/UzhKeksy/basic/BC_DataBase.php on line 42]
[20.12.10 23:00:47] Warning (2): file_put_contents(/home/david/Sync/it-step/Php_and_Sql/Exam/application/logs/log.log): failed to open stream: Permission denied in [/home/david/Sync/it-step/Php_and_Sql/Exam/UzhKeksy/basic/BC_Log.php on line 66]
[20.12.10 23:00:47] Notice (8): Constant ROOT already defined in [/home/david/Sync/it-step/Php_and_Sql/Exam/UzhKeksy/configs/path.config.php on line 3]
[20.12.10 23:00:47] Notice (8): Trying to access array offset on value of type null in [/home/david/Sync/it-step/Php_and_Sql/Exam/UzhKeksy/basic/core/BC_Router.php on line 135]
[20.12.10 23:00:47] Notice (8): Undefined offset: -1 in [/home/david/Sync/it-step/Php_and_Sql/Exam/UzhKeksy/basic/core/BC_Router.php on line 135]
[20.12.10 23:00:47] Notice (8): Trying to access array offset on value of type null in [/home/david/Sync/it-step/Php_and_Sql/Exam/UzhKeksy/basic/core/BC_Router.php on line 135]
[20.12.10 23:00:47] Notice (8): Undefined offset: -2 in [/home/david/Sync/it-step/Php_and_Sql/Exam/UzhKeksy/basic/core/BC_Router.php on line 135]
[20.12.10 23:00:47] Warning (2): file_put_contents(/home/david/Sync/it-step/Php_and_Sql/Exam/application/logs/error.log): failed to open stream: Permission denied in [/home/david/Sync/it-step/Php_and_Sql/Exam/UzhKeksy/basic/BC_Log.php on line 66]
[20.12.10 23:00:47] Warning (2): mysqli::__construct(): (HY000/1045): Access denied for user 'david'@'localhost' (using password: YES) in [/home/david/Sync/it-step/Php_and_Sql/Exam/vendor/joshcam/mysqli-database-class/MysqliDb.php on line 323]
[20.12.10 23:00:47] Notice (8): Undefined index: socket in [/home/david/Sync/it-step/Php_and_Sql/Exam/UzhKeksy/basic/BC_DataBase.php on line 42]
[20.12.10 23:00:47] Warning (2): file_put_contents(/home/david/Sync/it-step/Php_and_Sql/Exam/application/logs/log.log): failed to open stream: Permission denied in [/home/david/Sync/it-step/Php_and_Sql/Exam/UzhKeksy/basic/BC_Log.php on line 66]
[20.12.10 23:00:47] Notice (8): Constant ROOT already defined in [/home/david/Sync/it-step/Php_and_Sql/Exam/UzhKeksy/configs/path.config.php on line 3]
[20.12.10 23:00:47] Notice (8): Trying to access array offset on value of type null in [/home/david/Sync/it-step/Php_and_Sql/Exam/UzhKeksy/basic/core/BC_Router.php on line 135]
[20.12.10 23:00:47] Notice (8): Undefined offset: -1 in [/home/david/Sync/it-step/Php_and_Sql/Exam/UzhKeksy/basic/core/BC_Router.php on line 135]
[20.12.10 23:00:47] Notice (8): Trying to access array offset on value of type null in [/home/david/Sync/it-step/Php_and_Sql/Exam/UzhKeksy/basic/core/BC_Router.php on line 135]
[20.12.10 23:00:47] Notice (8): Undefined offset: -2 in [/home/david/Sync/it-step/Php_and_Sql/Exam/UzhKeksy/basic/core/BC_Router.php on line 135]
[20.12.10 23:00:43] Warning (2): file_put_contents(/home/david/Sync/it-step/Php_and_Sql/Exam/application/logs/error.log): failed to open stream: Permission denied in [/home/david/Sync/it-step/Php_and_Sql/Exam/UzhKeksy/basic/BC_Log.php on line 66]
[20.12.10 23:00:43] Warning (2): mysqli::__construct(): (HY000/1045): Access denied for user 'david'@'localhost' (using password: YES) in [/home/david/Sync/it-step/Php_and_Sql/Exam/vendor/joshcam/mysqli-database-class/MysqliDb.php on line 323]
[20.12.10 23:00:43] Notice (8): Undefined index: socket in [/home/david/Sync/it-step/Php_and_Sql/Exam/UzhKeksy/basic/BC_DataBase.php on line 42]
[20.12.10 23:00:43] Warning (2): file_put_contents(/home/david/Sync/it-step/Php_and_Sql/Exam/application/logs/log.log): failed to open stream: Permission denied in [/home/david/Sync/it-step/Php_and_Sql/Exam/UzhKeksy/basic/BC_Log.php on line 66]
[20.12.10 23:00:43] Notice (8): Constant ROOT already defined in [/home/david/Sync/it-step/Php_and_Sql/Exam/UzhKeksy/configs/path.config.php on line 3]
[20.12.10 23:00:43] Notice (8): Trying to access array offset on value of type null in [/home/david/Sync/it-step/Php_and_Sql/Exam/UzhKeksy/basic/core/BC_Router.php on line 135]
[20.12.10 23:00:43] Notice (8): Undefined offset: -1 in [/home/david/Sync/it-step/Php_and_Sql/Exam/UzhKeksy/basic/core/BC_Router.php on line 135]
[20.12.10 23:00:43] Notice (8): Trying to access array offset on value of type null in [/home/david/Sync/it-step/Php_and_Sql/Exam/UzhKeksy/basic/core/BC_Router.php on line 135]
[20.12.10 23:00:43] Notice (8): Undefined offset: -2 in [/home/david/Sync/it-step/Php_and_Sql/Exam/UzhKeksy/basic/core/BC_Router.php on line 135]
[20.12.10 23:00:42] Warning (2): file_put_contents(/home/david/Sync/it-step/Php_and_Sql/Exam/application/logs/error.log): failed to open stream: Permission denied in [/home/david/Sync/it-step/Php_and_Sql/Exam/UzhKeksy/basic/BC_Log.php on line 66]
[20.12.10 23:00:42] Warning (2): mysqli::__construct(): (HY000/1045): Access denied for user 'david'@'localhost' (using password: YES) in [/home/david/Sync/it-step/Php_and_Sql/Exam/vendor/joshcam/mysqli-database-class/MysqliDb.php on line 323]
[20.12.10 23:00:42] Notice (8): Undefined index: socket in [/home/david/Sync/it-step/Php_and_Sql/Exam/UzhKeksy/basic/BC_DataBase.php on line 42]
[20.12.10 23:00:42] Warning (2): file_put_contents(/home/david/Sync/it-step/Php_and_Sql/Exam/application/logs/log.log): failed to open stream: Permission denied in [/home/david/Sync/it-step/Php_and_Sql/Exam/UzhKeksy/basic/BC_Log.php on line 66]
[20.12.10 23:00:42] Notice (8): Constant ROOT already defined in [/home/david/Sync/it-step/Php_and_Sql/Exam/UzhKeksy/configs/path.config.php on line 3]
[20.12.10 23:00:42] Notice (8): Trying to access array offset on value of type null in [/home/david/Sync/it-step/Php_and_Sql/Exam/UzhKeksy/basic/core/BC_Router.php on line 135]
[20.12.10 23:00:42] Notice (8): Undefined offset: -1 in [/home/david/Sync/it-step/Php_and_Sql/Exam/UzhKeksy/basic/core/BC_Router.php on line 135]
[20.12.10 23:00:42] Notice (8): Trying to access array offset on value of type null in [/home/david/Sync/it-step/Php_and_Sql/Exam/UzhKeksy/basic/core/BC_Router.php on line 135]
[20.12.10 23:00:42] Notice (8): Undefined offset: -2 in [/home/david/Sync/it-step/Php_and_Sql/Exam/UzhKeksy/basic/core/BC_Router.php on line 135]
[20.12.10 23:00:40] Warning (2): file_put_contents(/home/david/Sync/it-step/Php_and_Sql/Exam/application/logs/error.log): failed to open stream: Permission denied in [/home/david/Sync/it-step/Php_and_Sql/Exam/UzhKeksy/basic/BC_Log.php on line 66]
[20.12.10 23:00:40] Warning (2): mysqli::__construct(): (HY000/1045): Access denied for user 'david'@'localhost' (using password: YES) in [/home/david/Sync/it-step/Php_and_Sql/Exam/vendor/joshcam/mysqli-database-class/MysqliDb.php on line 323]
[20.12.10 23:00:40] Notice (8): Undefined index: socket in [/home/david/Sync/it-step/Php_and_Sql/Exam/UzhKeksy/basic/BC_DataBase.php on line 42]
[20.12.10 23:00:40] Warning (2): file_put_contents(/home/david/Sync/it-step/Php_and_Sql/Exam/application/logs/log.log): failed to open stream: Permission denied in [/home/david/Sync/it-step/Php_and_Sql/Exam/UzhKeksy/basic/BC_Log.php on line 66]
[20.12.10 23:00:40] Notice (8): Constant ROOT already defined in [/home/david/Sync/it-step/Php_and_Sql/Exam/UzhKeksy/configs/path.config.php on line 3]
[20.12.10 23:00:40] Notice (8): Trying to access array offset on value of type null in [/home/david/Sync/it-step/Php_and_Sql/Exam/UzhKeksy/basic/core/BC_Router.php on line 135]
[20.12.10 23:00:40] Notice (8): Undefined offset: -1 in [/home/david/Sync/it-step/Php_and_Sql/Exam/UzhKeksy/basic/core/BC_Router.php on line 135]
[20.12.10 23:00:40] Notice (8): Trying to access array offset on value of type null in [/home/david/Sync/it-step/Php_and_Sql/Exam/UzhKeksy/basic/core/BC_Router.php on line 135]
[20.12.10 23:00:40] Notice (8): Undefined offset: -2 in [/home/david/Sync/it-step/Php_and_Sql/Exam/UzhKeksy/basic/core/BC_Router.php on line 135]
